<?xml version="1.0" encoding="UTF-8"?>
<!-- Generated by org.testng.reporters.JUnitReportReporter -->
<testsuite skipped="0" hostname="LAPTOP-Q3BH3LLJ" name="Way2Automation.Way2AutomationE2E.TestAutomation" tests="2" failures="0" timestamp="22 May 2020 08:25:09 GMT" time="269.763" errors="0">
  <testcase name="xdropdownFunctionality" time="33.245" classname="Way2Automation.Way2AutomationE2E.TestAutomation"/>
  <testcase name="testRegistration" time="236.518" classname="Way2Automation.Way2AutomationE2E.TestAutomation"/>
</testsuite> <!-- Way2Automation.Way2AutomationE2E.TestAutomation -->
