<?xml version="1.0" encoding="UTF-8"?>
<!-- Generated by org.testng.reporters.JUnitReportReporter -->
<testsuite hostname="LAPTOP-Q3BH3LLJ" failures="0" tests="3" name="Way2Automation.Way2AutomationE2E.TestAutomation" time="123.368" errors="0" timestamp="25 May 2020 09:49:10 GMT" skipped="0">
  <testcase classname="Way2Automation.Way2AutomationE2E.TestAutomation" name="c_testInteraction" time="1.645"/>
  <testcase classname="Way2Automation.Way2AutomationE2E.TestAutomation" name="a_testRegistration" time="66.461"/>
  <testcase classname="Way2Automation.Way2AutomationE2E.TestAutomation" name="b_dropdownFunctionality" time="55.262"/>
</testsuite> <!-- Way2Automation.Way2AutomationE2E.TestAutomation -->
